C:\USERS\LLPADMIN.LLPADMIN-PC\DESKTOP\TUIO_CPP\DEBUG\TUIODUMP\TUIOCLIENT.OBJ
C:\USERS\LLPADMIN.LLPADMIN-PC\DESKTOP\TUIO_CPP\DEBUG\TUIODUMP\TUIODUMP.OBJ
C:\USERS\LLPADMIN.LLPADMIN-PC\DESKTOP\TUIO_CPP\DEBUG\TUIODUMP\TUIOTIME.OBJ
C:\USERS\LLPADMIN.LLPADMIN-PC\DESKTOP\TUIO_CPP\DEBUG\TUIODUMP\NETWORKINGUTILS.OBJ
C:\USERS\LLPADMIN.LLPADMIN-PC\DESKTOP\TUIO_CPP\DEBUG\TUIODUMP\OSCPRINTRECEIVEDELEMENTS.OBJ
C:\USERS\LLPADMIN.LLPADMIN-PC\DESKTOP\TUIO_CPP\DEBUG\TUIODUMP\OSCRECEIVEDELEMENTS.OBJ
C:\USERS\LLPADMIN.LLPADMIN-PC\DESKTOP\TUIO_CPP\DEBUG\TUIODUMP\OSCTYPES.OBJ
C:\USERS\LLPADMIN.LLPADMIN-PC\DESKTOP\TUIO_CPP\DEBUG\TUIODUMP\UDPSOCKET.OBJ
C:\USERS\LLPADMIN.LLPADMIN-PC\DESKTOP\TUIO_CPP\DEBUG\TUIODUMP\VC110.PDB
C:\USERS\LLPADMIN.LLPADMIN-PC\DESKTOP\TUIO_CPP\DEBUG\TUIODUMP.ILK
C:\USERS\LLPADMIN.LLPADMIN-PC\DESKTOP\TUIO_CPP\DEBUG\TUIODUMP.EXE
C:\USERS\LLPADMIN.LLPADMIN-PC\DESKTOP\TUIO_CPP\DEBUG\TUIO_CPP.PDB
C:\Users\LLPadmin.LLPadmin-PC\Desktop\TUIO_CPP\Debug\TuioDump\NetworkingUtils.obj
C:\Users\LLPadmin.LLPadmin-PC\Desktop\TUIO_CPP\Debug\TuioDump\OscPrintReceivedElements.obj
C:\Users\LLPadmin.LLPadmin-PC\Desktop\TUIO_CPP\Debug\TuioDump\OscReceivedElements.obj
C:\Users\LLPadmin.LLPadmin-PC\Desktop\TUIO_CPP\Debug\TuioDump\OscTypes.obj
C:\Users\LLPadmin.LLPadmin-PC\Desktop\TUIO_CPP\Debug\TuioDump\TuioClient.obj
C:\Users\LLPadmin.LLPadmin-PC\Desktop\TUIO_CPP\Debug\TuioDump\TuioDump.obj
C:\Users\LLPadmin.LLPadmin-PC\Desktop\TUIO_CPP\Debug\TuioDump\TuioTime.obj
C:\Users\LLPadmin.LLPadmin-PC\Desktop\TUIO_CPP\Debug\TuioDump\UdpSocket.obj
C:\Users\LLPadmin.LLPadmin-PC\Desktop\TUIO_CPP\Debug\TuioDump\cl.command.1.tlog
C:\Users\LLPadmin.LLPadmin-PC\Desktop\TUIO_CPP\Debug\TuioDump\CL.read.1.tlog
C:\Users\LLPadmin.LLPadmin-PC\Desktop\TUIO_CPP\Debug\TuioDump\CL.write.1.tlog
C:\Users\LLPadmin.LLPadmin-PC\Desktop\TUIO_CPP\Debug\TuioDump\link-cvtres.read.1.tlog
C:\Users\LLPadmin.LLPadmin-PC\Desktop\TUIO_CPP\Debug\TuioDump\link-cvtres.write.1.tlog
C:\Users\LLPadmin.LLPadmin-PC\Desktop\TUIO_CPP\Debug\TuioDump\link-rc.read.1.tlog
C:\Users\LLPadmin.LLPadmin-PC\Desktop\TUIO_CPP\Debug\TuioDump\link-rc.write.1.tlog
C:\Users\LLPadmin.LLPadmin-PC\Desktop\TUIO_CPP\Debug\TuioDump\link.command.1.tlog
C:\Users\LLPadmin.LLPadmin-PC\Desktop\TUIO_CPP\Debug\TuioDump\link.read.1.tlog
C:\Users\LLPadmin.LLPadmin-PC\Desktop\TUIO_CPP\Debug\TuioDump\link.write.1.tlog
C:\Users\LLPadmin.LLPadmin-PC\Desktop\TUIO_CPP\Debug\TuioDump\vc110.idb
C:\Users\LLPadmin.LLPadmin-PC\Desktop\TUIO_CPP\Debug\TuioDump\vc110.pdb
C:\Users\LLPadmin.LLPadmin-PC\Desktop\TUIO_CPP\Debug\TuioDump.exe
