Build started 6/5/2013 5:37:35 PM.
     1>Project "C:\Users\LLPadmin.LLPadmin-PC\Desktop\TUIO_CPP\SimpleSimulator.vcxproj" on node 5 (Build target(s)).
     1>ClCompile:
         C:\Program Files\Microsoft Visual Studio 11.0\VC\bin\CL.exe /c /I.\TUIO /I.\sdl\include /I.\oscpack /ZI /nologo /W2 /WX- /Od /Oy- /D WIN32 /D _DEBUG /D _CONSOLE /D ENDIANESS=OSC_HOST_LITTLE_ENDIAN /D _VC80_UPGRADE=0x0710 /D _MBCS /Gm /EHsc /RTC1 /MTd /GS /fp:precise /Zc:wchar_t /Zc:forScope /Fo"Debug\SimpleSimulator\\" /Fd"Debug\SimpleSimulator\vc110.pdb" /Gd /TP /analyze- /errorReport:prompt SimpleSimulator.cpp oscpack\ip\win32\NetworkingUtils.cpp oscpack\osc\OscOutboundPacketStream.cpp oscpack\osc\OscTypes.cpp oscpack\ip\win32\UdpSocket.cpp TUIO\TuioServer.cpp TUIO\TuioTime.cpp
         TuioTime.cpp
         TuioServer.cpp
         UdpSocket.cpp
         OscTypes.cpp
         OscOutboundPacketStream.cpp
         NetworkingUtils.cpp
         SimpleSimulator.cpp
         Generating Code...
       Link:
         C:\Program Files\Microsoft Visual Studio 11.0\VC\bin\link.exe /ERRORREPORT:PROMPT /OUT:"Debug\SimpleSimulator.exe" /INCREMENTAL /NOLOGO /LIBPATH:.\sdl\lib glut32.lib opengl32.lib glu32.lib sdl.lib sdlmain.lib atlsd.lib ws2_32.lib winmm.lib msvcrtd.lib libcpmtd.lib kernel32.lib user32.lib gdi32.lib winspool.lib comdlg32.lib advapi32.lib shell32.lib ole32.lib oleaut32.lib uuid.lib odbc32.lib odbccp32.lib /NODEFAULTLIB /MANIFEST /MANIFESTUAC:"level='asInvoker' uiAccess='false'" /manifest:embed /DEBUG /PDB:"Debug\SimpleSimulator.pdb" /SUBSYSTEM:CONSOLE /TLBID:1 /DYNAMICBASE /NXCOMPAT /IMPLIB:"Debug\SimpleSimulator.lib" /MACHINE:X86 /SAFESEH Debug\SimpleSimulator\SimpleSimulator.obj
         Debug\SimpleSimulator\NetworkingUtils.obj
         Debug\SimpleSimulator\OscOutboundPacketStream.obj
         Debug\SimpleSimulator\OscTypes.obj
         Debug\SimpleSimulator\UdpSocket.obj
         Debug\SimpleSimulator\TuioServer.obj
         Debug\SimpleSimulator\TuioTime.obj
     1>LINK : fatal error LNK1104: cannot open file 'atlsd.lib'
     1>Done Building Project "C:\Users\LLPadmin.LLPadmin-PC\Desktop\TUIO_CPP\SimpleSimulator.vcxproj" (Build target(s)) -- FAILED.

Build FAILED.

Time Elapsed 00:00:10.27
