C:\USERS\LLPADMIN.LLPADMIN-PC\DESKTOP\TUIO_CPP\DEBUG\TUIODEMO\TUIODEMO.OBJ
C:\USERS\LLPADMIN.LLPADMIN-PC\DESKTOP\TUIO_CPP\DEBUG\TUIODEMO\NETWORKINGUTILS.OBJ
C:\USERS\LLPADMIN.LLPADMIN-PC\DESKTOP\TUIO_CPP\DEBUG\TUIODEMO\OSCPRINTRECEIVEDELEMENTS.OBJ
C:\USERS\LLPADMIN.LLPADMIN-PC\DESKTOP\TUIO_CPP\DEBUG\TUIODEMO\OSCRECEIVEDELEMENTS.OBJ
C:\USERS\LLPADMIN.LLPADMIN-PC\DESKTOP\TUIO_CPP\DEBUG\TUIODEMO\OSCTYPES.OBJ
C:\USERS\LLPADMIN.LLPADMIN-PC\DESKTOP\TUIO_CPP\DEBUG\TUIODEMO\UDPSOCKET.OBJ
C:\USERS\LLPADMIN.LLPADMIN-PC\DESKTOP\TUIO_CPP\DEBUG\TUIODEMO\TUIOCLIENT.OBJ
C:\USERS\LLPADMIN.LLPADMIN-PC\DESKTOP\TUIO_CPP\DEBUG\TUIODEMO\TUIOTIME.OBJ
C:\USERS\LLPADMIN.LLPADMIN-PC\DESKTOP\TUIO_CPP\DEBUG\TUIODEMO\VC110.PDB
C:\Users\LLPadmin.LLPadmin-PC\Desktop\TUIO_CPP\Debug\TuioDemo\NetworkingUtils.obj
C:\Users\LLPadmin.LLPadmin-PC\Desktop\TUIO_CPP\Debug\TuioDemo\OscPrintReceivedElements.obj
C:\Users\LLPadmin.LLPadmin-PC\Desktop\TUIO_CPP\Debug\TuioDemo\OscReceivedElements.obj
C:\Users\LLPadmin.LLPadmin-PC\Desktop\TUIO_CPP\Debug\TuioDemo\OscTypes.obj
C:\Users\LLPadmin.LLPadmin-PC\Desktop\TUIO_CPP\Debug\TuioDemo\TuioClient.obj
C:\Users\LLPadmin.LLPadmin-PC\Desktop\TUIO_CPP\Debug\TuioDemo\TuioDemo.obj
C:\Users\LLPadmin.LLPadmin-PC\Desktop\TUIO_CPP\Debug\TuioDemo\TuioTime.obj
C:\Users\LLPadmin.LLPadmin-PC\Desktop\TUIO_CPP\Debug\TuioDemo\UdpSocket.obj
C:\Users\LLPadmin.LLPadmin-PC\Desktop\TUIO_CPP\Debug\TuioDemo\cl.command.1.tlog
C:\Users\LLPadmin.LLPadmin-PC\Desktop\TUIO_CPP\Debug\TuioDemo\CL.read.1.tlog
C:\Users\LLPadmin.LLPadmin-PC\Desktop\TUIO_CPP\Debug\TuioDemo\CL.write.1.tlog
C:\Users\LLPadmin.LLPadmin-PC\Desktop\TUIO_CPP\Debug\TuioDemo\link.command.1.tlog
C:\Users\LLPadmin.LLPadmin-PC\Desktop\TUIO_CPP\Debug\TuioDemo\link.read.1.tlog
C:\Users\LLPadmin.LLPadmin-PC\Desktop\TUIO_CPP\Debug\TuioDemo\link.write.1.tlog
C:\Users\LLPadmin.LLPadmin-PC\Desktop\TUIO_CPP\Debug\TuioDemo\vc110.idb
C:\Users\LLPadmin.LLPadmin-PC\Desktop\TUIO_CPP\Debug\TuioDemo\vc110.pdb
